{
  "stats": {
    "suites": 1,
    "tests": 1,
    "passes": 1,
    "pending": 0,
    "failures": 0,
    "start": "2022-06-19T16:12:42.157Z",
    "end": "2022-06-19T16:12:49.094Z",
    "duration": 6937,
    "testsRegistered": 1,
    "passPercent": 100,
    "pendingPercent": 0,
    "other": 0,
    "hasOther": false,
    "skipped": 0,
    "hasSkipped": false
  },
  "results": [
    {
      "uuid": "81bafef6-48ab-4732-ae27-528d4e01a23e",
      "title": "",
      "fullFile": "cypress/e2e/page_object_model.cy.js",
      "file": "cypress/e2e/page_object_model.cy.js",
      "beforeHooks": [],
      "afterHooks": [],
      "tests": [],
      "suites": [
        {
          "uuid": "3bb42cdf-e399-4bc1-b43e-7cb84bea6ead",
          "title": "empty spec",
          "fullFile": "",
          "file": "",
          "beforeHooks": [],
          "afterHooks": [],
          "tests": [
            {
              "title": "passes",
              "fullTitle": "empty spec passes",
              "timedOut": null,
              "duration": 4170,
              "state": "passed",
              "speed": "fast",
              "pass": true,
              "fail": false,
              "pending": false,
              "context": null,
              "code": "loginPage.navigate(\"http://zero.webappsecurity.com/login.html\");\nloginPage.enterUsername(\"username\");\nloginPage.enterPassword(\"password\");\nloginPage.clickOnLogin();",
              "err": {},
              "uuid": "497a9108-802c-43cc-9fea-6817ade2801e",
              "parentUUID": "3bb42cdf-e399-4bc1-b43e-7cb84bea6ead",
              "isHook": false,
              "skipped": false
            }
          ],
          "suites": [],
          "passes": [
            "497a9108-802c-43cc-9fea-6817ade2801e"
          ],
          "failures": [],
          "pending": [],
          "skipped": [],
          "duration": 4170,
          "root": false,
          "rootEmpty": false,
          "_timeout": 2000
        }
      ],
      "passes": [],
      "failures": [],
      "pending": [],
      "skipped": [],
      "duration": 0,
      "root": true,
      "rootEmpty": true,
      "_timeout": 2000
    }
  ],
  "meta": {
    "mocha": {
      "version": "7.0.1"
    },
    "mochawesome": {
      "options": {
        "quiet": false,
        "reportFilename": "mochawesome",
        "saveHtml": false,
        "saveJson": true,
        "consoleReporter": "spec",
        "useInlineDiffs": false,
        "code": true
      },
      "version": "7.1.3"
    },
    "marge": {
      "options": {
        "reportDir": "cypress/reports/separate-reports",
        "overwrite": false,
        "html": false,
        "json": true,
        "charts": true
      },
      "version": "6.2.0"
    }
  }
}