{
  "stats": {
    "suites": 1,
    "tests": 1,
    "passes": 1,
    "pending": 0,
    "failures": 0,
    "start": "2022-06-19T16:12:01.909Z",
    "end": "2022-06-19T16:12:33.879Z",
    "duration": 31970,
    "testsRegistered": 1,
    "passPercent": 100,
    "pendingPercent": 0,
    "other": 0,
    "hasOther": false,
    "skipped": 0,
    "hasSkipped": false
  },
  "results": [
    {
      "uuid": "a733f413-ba3a-4d72-9198-4890d7bf9027",
      "title": "",
      "fullFile": "cypress/e2e/orange_hrm.cy.js",
      "file": "cypress/e2e/orange_hrm.cy.js",
      "beforeHooks": [],
      "afterHooks": [],
      "tests": [],
      "suites": [
        {
          "uuid": "92074472-af3f-47e3-9abd-2d12c1d70ea0",
          "title": "empty spec",
          "fullFile": "",
          "file": "",
          "beforeHooks": [],
          "afterHooks": [],
          "tests": [
            {
              "title": "passes",
              "fullTitle": "empty spec passes",
              "timedOut": null,
              "duration": 27889,
              "state": "passed",
              "speed": "slow",
              "pass": true,
              "fail": false,
              "pending": false,
              "context": null,
              "code": "cy.visit(\"https://opensource-demo.orangehrmlive.com/index.php/pim/viewEmployeeList\");\ncy.get(\"#divUsername > .form-hint\").type(\"Admin\");\ncy.get(\"#txtPassword\").type(\"admin123\");\ncy.get(\"#btnLogin\").click();\ncy.get(\"#menu_admin_viewAdminModule > b\").click({\n  force: true\n});\ncy.get(\"#menu_admin_Job\").click({\n  force: true\n});\ncy.get(\"#menu_admin_viewJobTitleList\").click({\n  force: true\n});\ncy.wait(2000);\ncy.get(\"#menu_admin_viewPayGrades\").click({\n  force: true\n});\ncy.wait(2000);\ncy.get(\"#menu_core_viewDefinedPredefinedReports\").click({\n  force: true\n});\ncy.get(\"#search_search\").type(\"Employee contact info\");\ncy.get(\".searchBtn\").click();\ncy.wait(2000);\ncy.get(\"#menu_admin_UserManagement\").click({\n  force: true\n});\ncy.get(\"#menu_admin_viewSystemUsers\").click({\n  force: true\n});\ncy.get(\"#searchSystemUser_userName\").type(\"Ogoniwa\");\ncy.get(\"#searchSystemUser_userType\").type(\"adash\");\ncy.get(\"#btnAdd\").click(); // cy.wait(5000)\n// cy.get(\"#menu_pim_viewPimModule > b\").click();\n// cy.get(\"#frmConfigPim > fieldset > :nth-child(1)\").click();",
              "err": {},
              "uuid": "fe9ecd52-ef6f-47c2-a679-0cdf369f4ebb",
              "parentUUID": "92074472-af3f-47e3-9abd-2d12c1d70ea0",
              "isHook": false,
              "skipped": false
            }
          ],
          "suites": [],
          "passes": [
            "fe9ecd52-ef6f-47c2-a679-0cdf369f4ebb"
          ],
          "failures": [],
          "pending": [],
          "skipped": [],
          "duration": 27889,
          "root": false,
          "rootEmpty": false,
          "_timeout": 2000
        }
      ],
      "passes": [],
      "failures": [],
      "pending": [],
      "skipped": [],
      "duration": 0,
      "root": true,
      "rootEmpty": true,
      "_timeout": 2000
    }
  ],
  "meta": {
    "mocha": {
      "version": "7.0.1"
    },
    "mochawesome": {
      "options": {
        "quiet": false,
        "reportFilename": "mochawesome",
        "saveHtml": false,
        "saveJson": true,
        "consoleReporter": "spec",
        "useInlineDiffs": false,
        "code": true
      },
      "version": "7.1.3"
    },
    "marge": {
      "options": {
        "reportDir": "cypress/reports/separate-reports",
        "overwrite": false,
        "html": false,
        "json": true,
        "charts": true
      },
      "version": "6.2.0"
    }
  }
}