{
  "stats": {
    "suites": 1,
    "tests": 1,
    "passes": 1,
    "pending": 0,
    "failures": 0,
    "start": "2022-06-19T16:11:37.065Z",
    "end": "2022-06-19T16:11:55.444Z",
    "duration": 18379,
    "testsRegistered": 1,
    "passPercent": 100,
    "pendingPercent": 0,
    "other": 0,
    "hasOther": false,
    "skipped": 0,
    "hasSkipped": false
  },
  "results": [
    {
      "uuid": "768fb4e3-2ef0-4b1d-83dc-beea89ec5b54",
      "title": "",
      "fullFile": "cypress/e2e/my_first_spec.cy.js",
      "file": "cypress/e2e/my_first_spec.cy.js",
      "beforeHooks": [],
      "afterHooks": [],
      "tests": [],
      "suites": [
        {
          "uuid": "0ab0c9eb-b74f-45ca-83cf-5a57501a5253",
          "title": "empty spec",
          "fullFile": "",
          "file": "",
          "beforeHooks": [],
          "afterHooks": [],
          "tests": [
            {
              "title": "passes",
              "fullTitle": "empty spec passes",
              "timedOut": null,
              "duration": 15988,
              "state": "passed",
              "speed": "slow",
              "pass": true,
              "fail": false,
              "pending": false,
              "context": null,
              "code": "cy.visit('https://google.com');\ncy.get(\".gLFyf\").type(\"Fathers day{enter}\");\ncy.wait(2000); // cy.get(\".MUFPAc > :nth-child(3) > a\").click();\ncy.contains(\"Videos\").click();",
              "err": {},
              "uuid": "9f61aef9-bb48-41e9-a669-730898718dd0",
              "parentUUID": "0ab0c9eb-b74f-45ca-83cf-5a57501a5253",
              "isHook": false,
              "skipped": false
            }
          ],
          "suites": [],
          "passes": [
            "9f61aef9-bb48-41e9-a669-730898718dd0"
          ],
          "failures": [],
          "pending": [],
          "skipped": [],
          "duration": 15988,
          "root": false,
          "rootEmpty": false,
          "_timeout": 2000
        }
      ],
      "passes": [],
      "failures": [],
      "pending": [],
      "skipped": [],
      "duration": 0,
      "root": true,
      "rootEmpty": true,
      "_timeout": 2000
    }
  ],
  "meta": {
    "mocha": {
      "version": "7.0.1"
    },
    "mochawesome": {
      "options": {
        "quiet": false,
        "reportFilename": "mochawesome",
        "saveHtml": false,
        "saveJson": true,
        "consoleReporter": "spec",
        "useInlineDiffs": false,
        "code": true
      },
      "version": "7.1.3"
    },
    "marge": {
      "options": {
        "reportDir": "cypress/reports/separate-reports",
        "overwrite": false,
        "html": false,
        "json": true,
        "charts": true
      },
      "version": "6.2.0"
    }
  }
}