{
  "stats": {
    "suites": 1,
    "tests": 1,
    "passes": 1,
    "pending": 0,
    "failures": 0,
    "start": "2022-06-19T16:11:28.609Z",
    "end": "2022-06-19T16:11:32.789Z",
    "duration": 4180,
    "testsRegistered": 1,
    "passPercent": 100,
    "pendingPercent": 0,
    "other": 0,
    "hasOther": false,
    "skipped": 0,
    "hasSkipped": false
  },
  "results": [
    {
      "uuid": "7ab6fd1a-3e46-4d6f-b434-1b1628145415",
      "title": "",
      "fullFile": "cypress/e2e/assertions_spec.cy.js",
      "file": "cypress/e2e/assertions_spec.cy.js",
      "beforeHooks": [],
      "afterHooks": [],
      "tests": [],
      "suites": [
        {
          "uuid": "70de26ac-a4c1-4312-a44a-7a70166257bc",
          "title": "empty spec",
          "fullFile": "",
          "file": "",
          "beforeHooks": [],
          "afterHooks": [],
          "tests": [
            {
              "title": "passes",
              "fullTitle": "empty spec passes",
              "timedOut": null,
              "duration": 1814,
              "state": "passed",
              "speed": "fast",
              "pass": true,
              "fail": false,
              "pending": false,
              "context": null,
              "code": "cy.visit('https://example.cypress.io');\ncy.get(\":nth-child(4) > .row > .col-xs-12 > .home-list > :nth-child(1) > ul > :nth-child(1) > a\").click();\ncy.get(\"#query-btn\").should(\"contain\", \"Button\").should(\"have.class\", \"query-btn btn btn-primary\").should(\"be.visible\").should(\"be.enabled\");",
              "err": {},
              "uuid": "8a7338f5-ed10-4049-a13c-9fb41a77018a",
              "parentUUID": "70de26ac-a4c1-4312-a44a-7a70166257bc",
              "isHook": false,
              "skipped": false
            }
          ],
          "suites": [],
          "passes": [
            "8a7338f5-ed10-4049-a13c-9fb41a77018a"
          ],
          "failures": [],
          "pending": [],
          "skipped": [],
          "duration": 1814,
          "root": false,
          "rootEmpty": false,
          "_timeout": 2000
        }
      ],
      "passes": [],
      "failures": [],
      "pending": [],
      "skipped": [],
      "duration": 0,
      "root": true,
      "rootEmpty": true,
      "_timeout": 2000
    }
  ],
  "meta": {
    "mocha": {
      "version": "7.0.1"
    },
    "mochawesome": {
      "options": {
        "quiet": false,
        "reportFilename": "mochawesome",
        "saveHtml": false,
        "saveJson": true,
        "consoleReporter": "spec",
        "useInlineDiffs": false,
        "code": true
      },
      "version": "7.1.3"
    },
    "marge": {
      "options": {
        "reportDir": "cypress/reports/separate-reports",
        "overwrite": false,
        "html": false,
        "json": true,
        "charts": true
      },
      "version": "6.2.0"
    }
  }
}